<?xml version="1.0" encoding="UTF-8"?>
<!-- Generated by org.testng.reporters.JUnitReportReporter -->
<testsuite hostname="Chandu" failures="0" tests="2" name="oauth.OauthDemo" time="2.642" errors="0" timestamp="2024-02-19T15:16:34 IST" skipped="0">
  <testcase classname="oauth.OauthDemo" name="paypalApitest" time="0.956"/>
  <system-out/>
  <testcase classname="oauth.OauthDemo" name="getBearerToken" time="1.686"/>
  <system-out/>
</testsuite> <!-- oauth.OauthDemo -->
