<?xml version="1.0" encoding="UTF-8"?>
<!-- Generated by org.testng.reporters.JUnitReportReporter -->
<testsuite hostname="Chandu" failures="0" tests="2" name="gitHub.GithubBearerToken" time="2.048" errors="0" timestamp="2024-02-16T11:07:47 IST" skipped="0">
  <testcase classname="gitHub.GithubBearerToken" name="githubaipi_test" time="1.696"/>
  <system-out/>
  <testcase classname="gitHub.GithubBearerToken" name="githubaipi_Getonerepo" time="0.352"/>
  <system-out/>
</testsuite> <!-- gitHub.GithubBearerToken -->
