<?xml version="1.0" encoding="UTF-8"?>
<!-- Generated by org.testng.reporters.JUnitReportReporter -->
<testsuite hostname="Chandu" failures="0" tests="1" name="log4j.Log4jDemo" time="0.010" errors="0" timestamp="2024-02-19T15:24:14 IST" skipped="0">
  <testcase classname="log4j.Log4jDemo" name="loggingmethod" time="0.010"/>
  <system-out/>
</testsuite> <!-- log4j.Log4jDemo -->
