<?xml version="1.0" encoding="UTF-8"?>
<!-- Generated by org.testng.reporters.JUnitReportReporter -->
<testsuite hostname="Chandu" failures="0" tests="2" name="assistedProject.TestStringCalculator" time="0.023" errors="0" timestamp="2024-01-19T17:48:42 IST" skipped="0">
  <testcase classname="assistedProject.TestStringCalculator" name="passString" time="0.022"/>
  <system-out/>
  <testcase classname="assistedProject.TestStringCalculator" name="TestaddString" time="0.001"/>
  <system-out/>
</testsuite> <!-- assistedProject.TestStringCalculator -->
