<?xml version="1.0" encoding="UTF-8"?>
<!-- Generated by org.testng.reporters.JUnitReportReporter -->
<testsuite hostname="Chandu" failures="0" tests="6" name="demos.Demo1" time="20.164" errors="0" timestamp="2024-01-15T10:15:44 IST" skipped="0">
  <testcase classname="demos.Demo1" name="createAccount" time="4.282"/>
  <system-out/>
  <testcase classname="demos.Demo1" name="teardown" time="2.282"/>
  <system-out/>
  <testcase classname="demos.Demo1" name="login" time="4.605"/>
  <system-out/>
  <testcase classname="demos.Demo1" name="createAccount" time="2.679"/>
  <system-out/>
  <testcase classname="demos.Demo1" name="login" time="2.864"/>
  <system-out/>
  <testcase classname="demos.Demo1" name="teardown" time="3.452"/>
  <system-out/>
</testsuite> <!-- demos.Demo1 -->
