<?xml version="1.0" encoding="UTF-8"?>
<!-- Generated by org.testng.reporters.JUnitReportReporter -->
<testsuite hostname="Chandu" failures="0" tests="7" name="demos.GroupsDemo" time="20.797" errors="0" timestamp="2024-01-16T23:02:04 IST" skipped="0">
  <testcase classname="demos.GroupsDemo" name="method1" time="3.609"/>
  <system-out/>
  <testcase classname="demos.GroupsDemo" name="method7" time="3.267"/>
  <system-out/>
  <testcase classname="demos.GroupsDemo" name="method3" time="2.710"/>
  <system-out/>
  <testcase classname="demos.GroupsDemo" name="method5" time="2.743"/>
  <system-out/>
  <testcase classname="demos.GroupsDemo" name="method4" time="2.524"/>
  <system-out/>
  <testcase classname="demos.GroupsDemo" name="method2" time="3.515"/>
  <system-out/>
  <testcase classname="demos.GroupsDemo" name="method6" time="2.429"/>
  <system-out/>
</testsuite> <!-- demos.GroupsDemo -->
